<?xml version="1.0" encoding="UTF-8"?>
<testsuite xmlns:xsi="http://www.w3.org/2001/XMLSchema-instance" xsi:noNamespaceSchemaLocation="https://maven.apache.org/surefire/maven-surefire-plugin/xsd/surefire-test-report-3.0.xsd" version="3.0" name="com.ecom.EcomSystemApplicationTests" time="9.116" tests="1" errors="0" skipped="0" failures="0">
  <properties>
    <property name="sun.desktop" value="windows"/>
    <property name="awt.toolkit" value="sun.awt.windows.WToolkit"/>
    <property name="java.specification.version" value="11"/>
    <property name="sun.cpu.isalist" value="amd64"/>
    <property name="sun.jnu.encoding" value="GBK"/>
    <property name="java.class.path" value="D:\java_learn\ecom_system\target\test-classes;D:\java_learn\ecom_system\target\classes;D:\apache-maven-3.9.2\mvn_repo\org\springframework\boot\spring-boot-starter-web\2.7.6\spring-boot-starter-web-2.7.6.jar;D:\apache-maven-3.9.2\mvn_repo\org\springframework\boot\spring-boot-starter\2.7.6\spring-boot-starter-2.7.6.jar;D:\apache-maven-3.9.2\mvn_repo\org\springframework\boot\spring-boot\2.7.6\spring-boot-2.7.6.jar;D:\apache-maven-3.9.2\mvn_repo\org\springframework\boot\spring-boot-autoconfigure\2.7.6\spring-boot-autoconfigure-2.7.6.jar;D:\apache-maven-3.9.2\mvn_repo\org\springframework\boot\spring-boot-starter-logging\2.7.6\spring-boot-starter-logging-2.7.6.jar;D:\apache-maven-3.9.2\mvn_repo\ch\qos\logback\logback-classic\1.2.11\logback-classic-1.2.11.jar;D:\apache-maven-3.9.2\mvn_repo\ch\qos\logback\logback-core\1.2.11\logback-core-1.2.11.jar;D:\apache-maven-3.9.2\mvn_repo\org\apache\logging\log4j\log4j-to-slf4j\2.17.2\log4j-to-slf4j-2.17.2.jar;D:\apache-maven-3.9.2\mvn_repo\org\apache\logging\log4j\log4j-api\2.17.2\log4j-api-2.17.2.jar;D:\apache-maven-3.9.2\mvn_repo\org\slf4j\jul-to-slf4j\1.7.36\jul-to-slf4j-1.7.36.jar;D:\apache-maven-3.9.2\mvn_repo\jakarta\annotation\jakarta.annotation-api\1.3.5\jakarta.annotation-api-1.3.5.jar;D:\apache-maven-3.9.2\mvn_repo\org\yaml\snakeyaml\1.30\snakeyaml-1.30.jar;D:\apache-maven-3.9.2\mvn_repo\org\springframework\boot\spring-boot-starter-json\2.7.6\spring-boot-starter-json-2.7.6.jar;D:\apache-maven-3.9.2\mvn_repo\com\fasterxml\jackson\datatype\jackson-datatype-jdk8\2.13.4\jackson-datatype-jdk8-2.13.4.jar;D:\apache-maven-3.9.2\mvn_repo\com\fasterxml\jackson\datatype\jackson-datatype-jsr310\2.13.4\jackson-datatype-jsr310-2.13.4.jar;D:\apache-maven-3.9.2\mvn_repo\com\fasterxml\jackson\module\jackson-module-parameter-names\2.13.4\jackson-module-parameter-names-2.13.4.jar;D:\apache-maven-3.9.2\mvn_repo\org\springframework\boot\spring-boot-starter-tomcat\2.7.6\spring-boot-starter-tomcat-2.7.6.jar;D:\apache-maven-3.9.2\mvn_repo\org\apache\tomcat\embed\tomcat-embed-core\9.0.69\tomcat-embed-core-9.0.69.jar;D:\apache-maven-3.9.2\mvn_repo\org\apache\tomcat\embed\tomcat-embed-el\9.0.69\tomcat-embed-el-9.0.69.jar;D:\apache-maven-3.9.2\mvn_repo\org\apache\tomcat\embed\tomcat-embed-websocket\9.0.69\tomcat-embed-websocket-9.0.69.jar;D:\apache-maven-3.9.2\mvn_repo\org\springframework\spring-web\5.3.24\spring-web-5.3.24.jar;D:\apache-maven-3.9.2\mvn_repo\org\springframework\spring-beans\5.3.24\spring-beans-5.3.24.jar;D:\apache-maven-3.9.2\mvn_repo\org\springframework\spring-webmvc\5.3.24\spring-webmvc-5.3.24.jar;D:\apache-maven-3.9.2\mvn_repo\org\springframework\spring-aop\5.3.24\spring-aop-5.3.24.jar;D:\apache-maven-3.9.2\mvn_repo\org\springframework\spring-context\5.3.24\spring-context-5.3.24.jar;D:\apache-maven-3.9.2\mvn_repo\org\springframework\spring-expression\5.3.24\spring-expression-5.3.24.jar;D:\apache-maven-3.9.2\mvn_repo\org\mybatis\spring\boot\mybatis-spring-boot-starter\2.3.0\mybatis-spring-boot-starter-2.3.0.jar;D:\apache-maven-3.9.2\mvn_repo\org\springframework\boot\spring-boot-starter-jdbc\2.7.6\spring-boot-starter-jdbc-2.7.6.jar;D:\apache-maven-3.9.2\mvn_repo\com\zaxxer\HikariCP\4.0.3\HikariCP-4.0.3.jar;D:\apache-maven-3.9.2\mvn_repo\org\springframework\spring-jdbc\5.3.24\spring-jdbc-5.3.24.jar;D:\apache-maven-3.9.2\mvn_repo\org\springframework\spring-tx\5.3.24\spring-tx-5.3.24.jar;D:\apache-maven-3.9.2\mvn_repo\org\mybatis\spring\boot\mybatis-spring-boot-autoconfigure\2.3.0\mybatis-spring-boot-autoconfigure-2.3.0.jar;D:\apache-maven-3.9.2\mvn_repo\org\mybatis\mybatis\3.5.11\mybatis-3.5.11.jar;D:\apache-maven-3.9.2\mvn_repo\org\mybatis\mybatis-spring\2.1.0\mybatis-spring-2.1.0.jar;D:\apache-maven-3.9.2\mvn_repo\com\mysql\mysql-connector-j\8.0.31\mysql-connector-j-8.0.31.jar;D:\apache-maven-3.9.2\mvn_repo\org\projectlombok\lombok\1.18.24\lombok-1.18.24.jar;D:\apache-maven-3.9.2\mvn_repo\org\springframework\boot\spring-boot-starter-test\2.7.6\spring-boot-starter-test-2.7.6.jar;D:\apache-maven-3.9.2\mvn_repo\org\springframework\boot\spring-boot-test\2.7.6\spring-boot-test-2.7.6.jar;D:\apache-maven-3.9.2\mvn_repo\org\springframework\boot\spring-boot-test-autoconfigure\2.7.6\spring-boot-test-autoconfigure-2.7.6.jar;D:\apache-maven-3.9.2\mvn_repo\com\jayway\jsonpath\json-path\2.7.0\json-path-2.7.0.jar;D:\apache-maven-3.9.2\mvn_repo\net\minidev\json-smart\2.4.8\json-smart-2.4.8.jar;D:\apache-maven-3.9.2\mvn_repo\net\minidev\accessors-smart\2.4.8\accessors-smart-2.4.8.jar;D:\apache-maven-3.9.2\mvn_repo\org\ow2\asm\asm\9.1\asm-9.1.jar;D:\apache-maven-3.9.2\mvn_repo\org\slf4j\slf4j-api\1.7.36\slf4j-api-1.7.36.jar;D:\apache-maven-3.9.2\mvn_repo\jakarta\xml\bind\jakarta.xml.bind-api\2.3.3\jakarta.xml.bind-api-2.3.3.jar;D:\apache-maven-3.9.2\mvn_repo\jakarta\activation\jakarta.activation-api\1.2.2\jakarta.activation-api-1.2.2.jar;D:\apache-maven-3.9.2\mvn_repo\org\assertj\assertj-core\3.22.0\assertj-core-3.22.0.jar;D:\apache-maven-3.9.2\mvn_repo\org\hamcrest\hamcrest\2.2\hamcrest-2.2.jar;D:\apache-maven-3.9.2\mvn_repo\org\junit\jupiter\junit-jupiter\5.8.2\junit-jupiter-5.8.2.jar;D:\apache-maven-3.9.2\mvn_repo\org\junit\jupiter\junit-jupiter-api\5.8.2\junit-jupiter-api-5.8.2.jar;D:\apache-maven-3.9.2\mvn_repo\org\opentest4j\opentest4j\1.2.0\opentest4j-1.2.0.jar;D:\apache-maven-3.9.2\mvn_repo\org\junit\platform\junit-platform-commons\1.8.2\junit-platform-commons-1.8.2.jar;D:\apache-maven-3.9.2\mvn_repo\org\apiguardian\apiguardian-api\1.1.2\apiguardian-api-1.1.2.jar;D:\apache-maven-3.9.2\mvn_repo\org\junit\jupiter\junit-jupiter-params\5.8.2\junit-jupiter-params-5.8.2.jar;D:\apache-maven-3.9.2\mvn_repo\org\junit\jupiter\junit-jupiter-engine\5.8.2\junit-jupiter-engine-5.8.2.jar;D:\apache-maven-3.9.2\mvn_repo\org\junit\platform\junit-platform-engine\1.8.2\junit-platform-engine-1.8.2.jar;D:\apache-maven-3.9.2\mvn_repo\org\mockito\mockito-core\4.5.1\mockito-core-4.5.1.jar;D:\apache-maven-3.9.2\mvn_repo\net\bytebuddy\byte-buddy\1.12.19\byte-buddy-1.12.19.jar;D:\apache-maven-3.9.2\mvn_repo\net\bytebuddy\byte-buddy-agent\1.12.19\byte-buddy-agent-1.12.19.jar;D:\apache-maven-3.9.2\mvn_repo\org\objenesis\objenesis\3.2\objenesis-3.2.jar;D:\apache-maven-3.9.2\mvn_repo\org\mockito\mockito-junit-jupiter\4.5.1\mockito-junit-jupiter-4.5.1.jar;D:\apache-maven-3.9.2\mvn_repo\org\skyscreamer\jsonassert\1.5.1\jsonassert-1.5.1.jar;D:\apache-maven-3.9.2\mvn_repo\com\vaadin\external\google\android-json\0.0.20131108.vaadin1\android-json-0.0.20131108.vaadin1.jar;D:\apache-maven-3.9.2\mvn_repo\org\springframework\spring-core\5.3.24\spring-core-5.3.24.jar;D:\apache-maven-3.9.2\mvn_repo\org\springframework\spring-jcl\5.3.24\spring-jcl-5.3.24.jar;D:\apache-maven-3.9.2\mvn_repo\org\springframework\spring-test\5.3.24\spring-test-5.3.24.jar;D:\apache-maven-3.9.2\mvn_repo\org\xmlunit\xmlunit-core\2.9.0\xmlunit-core-2.9.0.jar;D:\apache-maven-3.9.2\mvn_repo\com\github\pagehelper\pagehelper-spring-boot-starter\1.4.2\pagehelper-spring-boot-starter-1.4.2.jar;D:\apache-maven-3.9.2\mvn_repo\com\github\pagehelper\pagehelper-spring-boot-autoconfigure\1.4.2\pagehelper-spring-boot-autoconfigure-1.4.2.jar;D:\apache-maven-3.9.2\mvn_repo\com\github\pagehelper\pagehelper\5.3.0\pagehelper-5.3.0.jar;D:\apache-maven-3.9.2\mvn_repo\com\github\jsqlparser\jsqlparser\4.2\jsqlparser-4.2.jar;D:\apache-maven-3.9.2\mvn_repo\io\jsonwebtoken\jjwt\0.9.1\jjwt-0.9.1.jar;D:\apache-maven-3.9.2\mvn_repo\com\fasterxml\jackson\core\jackson-databind\2.13.4.2\jackson-databind-2.13.4.2.jar;D:\apache-maven-3.9.2\mvn_repo\com\fasterxml\jackson\core\jackson-annotations\2.13.4\jackson-annotations-2.13.4.jar;D:\apache-maven-3.9.2\mvn_repo\com\fasterxml\jackson\core\jackson-core\2.13.4\jackson-core-2.13.4.jar;D:\apache-maven-3.9.2\mvn_repo\javax\xml\bind\jaxb-api\2.3.0\jaxb-api-2.3.0.jar;D:\apache-maven-3.9.2\mvn_repo\com\alibaba\fastjson\1.2.76\fastjson-1.2.76.jar;"/>
    <property name="java.vm.vendor" value="Oracle Corporation"/>
    <property name="sun.arch.data.model" value="64"/>
    <property name="user.variant" value=""/>
    <property name="java.vendor.url" value="http://java.oracle.com/"/>
    <property name="user.timezone" value="Asia/Shanghai"/>
    <property name="java.vm.specification.version" value="11"/>
    <property name="os.name" value="Windows 10"/>
    <property name="sun.java.launcher" value="SUN_STANDARD"/>
    <property name="user.country" value="CN"/>
    <property name="sun.boot.library.path" value="D:\Program Files\JDK11\bin"/>
    <property name="sun.java.command" value="C:\Users\lenovo\AppData\Local\Temp\surefire723987390350007133\surefirebooter-20230605211127636_3.jar C:\Users\lenovo\AppData\Local\Temp\surefire723987390350007133 2023-06-05T21-11-24_516-jvmRun1 surefire-20230605211127636_1tmp surefire_0-20230605211127636_2tmp"/>
    <property name="jdk.debug" value="release"/>
    <property name="surefire.test.class.path" value="D:\java_learn\ecom_system\target\test-classes;D:\java_learn\ecom_system\target\classes;D:\apache-maven-3.9.2\mvn_repo\org\springframework\boot\spring-boot-starter-web\2.7.6\spring-boot-starter-web-2.7.6.jar;D:\apache-maven-3.9.2\mvn_repo\org\springframework\boot\spring-boot-starter\2.7.6\spring-boot-starter-2.7.6.jar;D:\apache-maven-3.9.2\mvn_repo\org\springframework\boot\spring-boot\2.7.6\spring-boot-2.7.6.jar;D:\apache-maven-3.9.2\mvn_repo\org\springframework\boot\spring-boot-autoconfigure\2.7.6\spring-boot-autoconfigure-2.7.6.jar;D:\apache-maven-3.9.2\mvn_repo\org\springframework\boot\spring-boot-starter-logging\2.7.6\spring-boot-starter-logging-2.7.6.jar;D:\apache-maven-3.9.2\mvn_repo\ch\qos\logback\logback-classic\1.2.11\logback-classic-1.2.11.jar;D:\apache-maven-3.9.2\mvn_repo\ch\qos\logback\logback-core\1.2.11\logback-core-1.2.11.jar;D:\apache-maven-3.9.2\mvn_repo\org\apache\logging\log4j\log4j-to-slf4j\2.17.2\log4j-to-slf4j-2.17.2.jar;D:\apache-maven-3.9.2\mvn_repo\org\apache\logging\log4j\log4j-api\2.17.2\log4j-api-2.17.2.jar;D:\apache-maven-3.9.2\mvn_repo\org\slf4j\jul-to-slf4j\1.7.36\jul-to-slf4j-1.7.36.jar;D:\apache-maven-3.9.2\mvn_repo\jakarta\annotation\jakarta.annotation-api\1.3.5\jakarta.annotation-api-1.3.5.jar;D:\apache-maven-3.9.2\mvn_repo\org\yaml\snakeyaml\1.30\snakeyaml-1.30.jar;D:\apache-maven-3.9.2\mvn_repo\org\springframework\boot\spring-boot-starter-json\2.7.6\spring-boot-starter-json-2.7.6.jar;D:\apache-maven-3.9.2\mvn_repo\com\fasterxml\jackson\datatype\jackson-datatype-jdk8\2.13.4\jackson-datatype-jdk8-2.13.4.jar;D:\apache-maven-3.9.2\mvn_repo\com\fasterxml\jackson\datatype\jackson-datatype-jsr310\2.13.4\jackson-datatype-jsr310-2.13.4.jar;D:\apache-maven-3.9.2\mvn_repo\com\fasterxml\jackson\module\jackson-module-parameter-names\2.13.4\jackson-module-parameter-names-2.13.4.jar;D:\apache-maven-3.9.2\mvn_repo\org\springframework\boot\spring-boot-starter-tomcat\2.7.6\spring-boot-starter-tomcat-2.7.6.jar;D:\apache-maven-3.9.2\mvn_repo\org\apache\tomcat\embed\tomcat-embed-core\9.0.69\tomcat-embed-core-9.0.69.jar;D:\apache-maven-3.9.2\mvn_repo\org\apache\tomcat\embed\tomcat-embed-el\9.0.69\tomcat-embed-el-9.0.69.jar;D:\apache-maven-3.9.2\mvn_repo\org\apache\tomcat\embed\tomcat-embed-websocket\9.0.69\tomcat-embed-websocket-9.0.69.jar;D:\apache-maven-3.9.2\mvn_repo\org\springframework\spring-web\5.3.24\spring-web-5.3.24.jar;D:\apache-maven-3.9.2\mvn_repo\org\springframework\spring-beans\5.3.24\spring-beans-5.3.24.jar;D:\apache-maven-3.9.2\mvn_repo\org\springframework\spring-webmvc\5.3.24\spring-webmvc-5.3.24.jar;D:\apache-maven-3.9.2\mvn_repo\org\springframework\spring-aop\5.3.24\spring-aop-5.3.24.jar;D:\apache-maven-3.9.2\mvn_repo\org\springframework\spring-context\5.3.24\spring-context-5.3.24.jar;D:\apache-maven-3.9.2\mvn_repo\org\springframework\spring-expression\5.3.24\spring-expression-5.3.24.jar;D:\apache-maven-3.9.2\mvn_repo\org\mybatis\spring\boot\mybatis-spring-boot-starter\2.3.0\mybatis-spring-boot-starter-2.3.0.jar;D:\apache-maven-3.9.2\mvn_repo\org\springframework\boot\spring-boot-starter-jdbc\2.7.6\spring-boot-starter-jdbc-2.7.6.jar;D:\apache-maven-3.9.2\mvn_repo\com\zaxxer\HikariCP\4.0.3\HikariCP-4.0.3.jar;D:\apache-maven-3.9.2\mvn_repo\org\springframework\spring-jdbc\5.3.24\spring-jdbc-5.3.24.jar;D:\apache-maven-3.9.2\mvn_repo\org\springframework\spring-tx\5.3.24\spring-tx-5.3.24.jar;D:\apache-maven-3.9.2\mvn_repo\org\mybatis\spring\boot\mybatis-spring-boot-autoconfigure\2.3.0\mybatis-spring-boot-autoconfigure-2.3.0.jar;D:\apache-maven-3.9.2\mvn_repo\org\mybatis\mybatis\3.5.11\mybatis-3.5.11.jar;D:\apache-maven-3.9.2\mvn_repo\org\mybatis\mybatis-spring\2.1.0\mybatis-spring-2.1.0.jar;D:\apache-maven-3.9.2\mvn_repo\com\mysql\mysql-connector-j\8.0.31\mysql-connector-j-8.0.31.jar;D:\apache-maven-3.9.2\mvn_repo\org\projectlombok\lombok\1.18.24\lombok-1.18.24.jar;D:\apache-maven-3.9.2\mvn_repo\org\springframework\boot\spring-boot-starter-test\2.7.6\spring-boot-starter-test-2.7.6.jar;D:\apache-maven-3.9.2\mvn_repo\org\springframework\boot\spring-boot-test\2.7.6\spring-boot-test-2.7.6.jar;D:\apache-maven-3.9.2\mvn_repo\org\springframework\boot\spring-boot-test-autoconfigure\2.7.6\spring-boot-test-autoconfigure-2.7.6.jar;D:\apache-maven-3.9.2\mvn_repo\com\jayway\jsonpath\json-path\2.7.0\json-path-2.7.0.jar;D:\apache-maven-3.9.2\mvn_repo\net\minidev\json-smart\2.4.8\json-smart-2.4.8.jar;D:\apache-maven-3.9.2\mvn_repo\net\minidev\accessors-smart\2.4.8\accessors-smart-2.4.8.jar;D:\apache-maven-3.9.2\mvn_repo\org\ow2\asm\asm\9.1\asm-9.1.jar;D:\apache-maven-3.9.2\mvn_repo\org\slf4j\slf4j-api\1.7.36\slf4j-api-1.7.36.jar;D:\apache-maven-3.9.2\mvn_repo\jakarta\xml\bind\jakarta.xml.bind-api\2.3.3\jakarta.xml.bind-api-2.3.3.jar;D:\apache-maven-3.9.2\mvn_repo\jakarta\activation\jakarta.activation-api\1.2.2\jakarta.activation-api-1.2.2.jar;D:\apache-maven-3.9.2\mvn_repo\org\assertj\assertj-core\3.22.0\assertj-core-3.22.0.jar;D:\apache-maven-3.9.2\mvn_repo\org\hamcrest\hamcrest\2.2\hamcrest-2.2.jar;D:\apache-maven-3.9.2\mvn_repo\org\junit\jupiter\junit-jupiter\5.8.2\junit-jupiter-5.8.2.jar;D:\apache-maven-3.9.2\mvn_repo\org\junit\jupiter\junit-jupiter-api\5.8.2\junit-jupiter-api-5.8.2.jar;D:\apache-maven-3.9.2\mvn_repo\org\opentest4j\opentest4j\1.2.0\opentest4j-1.2.0.jar;D:\apache-maven-3.9.2\mvn_repo\org\junit\platform\junit-platform-commons\1.8.2\junit-platform-commons-1.8.2.jar;D:\apache-maven-3.9.2\mvn_repo\org\apiguardian\apiguardian-api\1.1.2\apiguardian-api-1.1.2.jar;D:\apache-maven-3.9.2\mvn_repo\org\junit\jupiter\junit-jupiter-params\5.8.2\junit-jupiter-params-5.8.2.jar;D:\apache-maven-3.9.2\mvn_repo\org\junit\jupiter\junit-jupiter-engine\5.8.2\junit-jupiter-engine-5.8.2.jar;D:\apache-maven-3.9.2\mvn_repo\org\junit\platform\junit-platform-engine\1.8.2\junit-platform-engine-1.8.2.jar;D:\apache-maven-3.9.2\mvn_repo\org\mockito\mockito-core\4.5.1\mockito-core-4.5.1.jar;D:\apache-maven-3.9.2\mvn_repo\net\bytebuddy\byte-buddy\1.12.19\byte-buddy-1.12.19.jar;D:\apache-maven-3.9.2\mvn_repo\net\bytebuddy\byte-buddy-agent\1.12.19\byte-buddy-agent-1.12.19.jar;D:\apache-maven-3.9.2\mvn_repo\org\objenesis\objenesis\3.2\objenesis-3.2.jar;D:\apache-maven-3.9.2\mvn_repo\org\mockito\mockito-junit-jupiter\4.5.1\mockito-junit-jupiter-4.5.1.jar;D:\apache-maven-3.9.2\mvn_repo\org\skyscreamer\jsonassert\1.5.1\jsonassert-1.5.1.jar;D:\apache-maven-3.9.2\mvn_repo\com\vaadin\external\google\android-json\0.0.20131108.vaadin1\android-json-0.0.20131108.vaadin1.jar;D:\apache-maven-3.9.2\mvn_repo\org\springframework\spring-core\5.3.24\spring-core-5.3.24.jar;D:\apache-maven-3.9.2\mvn_repo\org\springframework\spring-jcl\5.3.24\spring-jcl-5.3.24.jar;D:\apache-maven-3.9.2\mvn_repo\org\springframework\spring-test\5.3.24\spring-test-5.3.24.jar;D:\apache-maven-3.9.2\mvn_repo\org\xmlunit\xmlunit-core\2.9.0\xmlunit-core-2.9.0.jar;D:\apache-maven-3.9.2\mvn_repo\com\github\pagehelper\pagehelper-spring-boot-starter\1.4.2\pagehelper-spring-boot-starter-1.4.2.jar;D:\apache-maven-3.9.2\mvn_repo\com\github\pagehelper\pagehelper-spring-boot-autoconfigure\1.4.2\pagehelper-spring-boot-autoconfigure-1.4.2.jar;D:\apache-maven-3.9.2\mvn_repo\com\github\pagehelper\pagehelper\5.3.0\pagehelper-5.3.0.jar;D:\apache-maven-3.9.2\mvn_repo\com\github\jsqlparser\jsqlparser\4.2\jsqlparser-4.2.jar;D:\apache-maven-3.9.2\mvn_repo\io\jsonwebtoken\jjwt\0.9.1\jjwt-0.9.1.jar;D:\apache-maven-3.9.2\mvn_repo\com\fasterxml\jackson\core\jackson-databind\2.13.4.2\jackson-databind-2.13.4.2.jar;D:\apache-maven-3.9.2\mvn_repo\com\fasterxml\jackson\core\jackson-annotations\2.13.4\jackson-annotations-2.13.4.jar;D:\apache-maven-3.9.2\mvn_repo\com\fasterxml\jackson\core\jackson-core\2.13.4\jackson-core-2.13.4.jar;D:\apache-maven-3.9.2\mvn_repo\javax\xml\bind\jaxb-api\2.3.0\jaxb-api-2.3.0.jar;D:\apache-maven-3.9.2\mvn_repo\com\alibaba\fastjson\1.2.76\fastjson-1.2.76.jar;"/>
    <property name="sun.cpu.endian" value="little"/>
    <property name="user.home" value="C:\Users\lenovo"/>
    <property name="user.language" value="zh"/>
    <property name="java.specification.vendor" value="Oracle Corporation"/>
    <property name="java.version.date" value="2019-10-15"/>
    <property name="java.home" value="D:\Program Files\JDK11"/>
    <property name="file.separator" value="\"/>
    <property name="basedir" value="D:\java_learn\ecom_system"/>
    <property name="java.vm.compressedOopsMode" value="Zero based"/>
    <property name="line.separator" value="&#10;"/>
    <property name="java.specification.name" value="Java Platform API Specification"/>
    <property name="java.vm.specification.vendor" value="Oracle Corporation"/>
    <property name="FILE_LOG_CHARSET" value="GBK"/>
    <property name="java.awt.graphicsenv" value="sun.awt.Win32GraphicsEnvironment"/>
    <property name="java.awt.headless" value="true"/>
    <property name="surefire.real.class.path" value="C:\Users\lenovo\AppData\Local\Temp\surefire723987390350007133\surefirebooter-20230605211127636_3.jar"/>
    <property name="user.script" value=""/>
    <property name="sun.management.compiler" value="HotSpot 64-Bit Tiered Compilers"/>
    <property name="java.runtime.version" value="11.0.5+10-LTS"/>
    <property name="user.name" value="lenovo"/>
    <property name="path.separator" value=";"/>
    <property name="os.version" value="10.0"/>
    <property name="java.runtime.name" value="Java(TM) SE Runtime Environment"/>
    <property name="file.encoding" value="GBK"/>
    <property name="spring.beaninfo.ignore" value="true"/>
    <property name="java.vm.name" value="Java HotSpot(TM) 64-Bit Server VM"/>
    <property name="java.vendor.version" value="18.9"/>
    <property name="localRepository" value="D:\apache-maven-3.9.2\mvn_repo"/>
    <property name="java.vendor.url.bug" value="http://bugreport.java.com/bugreport/"/>
    <property name="java.io.tmpdir" value="C:\Users\lenovo\AppData\Local\Temp\"/>
    <property name="java.version" value="11.0.5"/>
    <property name="user.dir" value="D:\java_learn\ecom_system"/>
    <property name="os.arch" value="amd64"/>
    <property name="java.vm.specification.name" value="Java Virtual Machine Specification"/>
    <property name="PID" value="62592"/>
    <property name="java.awt.printerjob" value="sun.awt.windows.WPrinterJob"/>
    <property name="sun.os.patch.level" value=""/>
    <property name="CONSOLE_LOG_CHARSET" value="GBK"/>
    <property name="java.library.path" value="D:\Program Files\JDK11\bin;C:\Windows\Sun\Java\bin;C:\Windows\system32;C:\Windows;D:\Program Files\JDK11\bin;D:\Program Files\CUDA-v10.2\bin;D:\Program Files\CUDA-v10.2\libnvvp;C:\ProgramData\Oracle\Java\javapath;C:\Program Files (x86)\Common Files\Intel\Shared Libraries\redist\intel64\compiler;C:\Windows\system32;C:\Windows;C:\Windows\System32\Wbem;C:\Windows\System32\WindowsPowerShell\v1.0\;C:\Windows\System32\OpenSSH\;C:\Program Files (x86)\NVIDIA Corporation\PhysX\Common;C:\Program Files\NVIDIA Corporation\NVIDIA NvDLISR;D:\Program Files\Git\cmd;D:\Program Files\Polyspace\R2021a\runtime\win64;D:\Program Files\Polyspace\R2021a\bin;D:\Program Files\Polyspace\R2021a\polyspace\bin;D:\Tomcat9\bin;D:\Tomcat9\lib;D:\apache-maven-3.9.2\bin;D:\Program Files\nodejs\;C:\Program Files\NVIDIA Corporation\Nsight Compute 2019.5.0\;D:\Program Files\sonar-scanner-4.8.0.2856-windows\bin;D:\Program Files\JDK11\bin;C:\Program Files\MySQL\MySQL Shell 8.0\bin\;D:\Python39\Scripts\;D:\Python39\;C:\Users\lenovo\AppData\Local\Microsoft\WindowsApps;C:\Users\lenovo\AppData\Local\Programs\Microsoft VS Code\bin;D:\Program Files\JetBrains\IntelliJ IDEA 2022.1.2\bin;;C:\Users\lenovo\AppData\Roaming\npm;D:\Program Files\JetBrains\PyCharm 2023.1.2\bin;;;."/>
    <property name="java.vendor" value="Oracle Corporation"/>
    <property name="java.vm.info" value="mixed mode"/>
    <property name="java.vm.version" value="11.0.5+10-LTS"/>
    <property name="sun.io.unicode.encoding" value="UnicodeLittle"/>
    <property name="java.class.version" value="55.0"/>
  </properties>
  <testcase name="testGenJwt" classname="com.ecom.EcomSystemApplicationTests" time="5.247">
    <system-out><![CDATA[21:11:29.210 [main] DEBUG org.springframework.test.context.BootstrapUtils - Instantiating CacheAwareContextLoaderDelegate from class [org.springframework.test.context.cache.DefaultCacheAwareContextLoaderDelegate]
21:11:29.231 [main] DEBUG org.springframework.test.context.BootstrapUtils - Instantiating BootstrapContext using constructor [public org.springframework.test.context.support.DefaultBootstrapContext(java.lang.Class,org.springframework.test.context.CacheAwareContextLoaderDelegate)]
21:11:29.317 [main] DEBUG org.springframework.test.context.BootstrapUtils - Instantiating TestContextBootstrapper for test class [com.ecom.EcomSystemApplicationTests] from class [org.springframework.boot.test.context.SpringBootTestContextBootstrapper]
21:11:29.340 [main] INFO org.springframework.boot.test.context.SpringBootTestContextBootstrapper - Neither @ContextConfiguration nor @ContextHierarchy found for test class [com.ecom.EcomSystemApplicationTests], using SpringBootContextLoader
21:11:29.351 [main] DEBUG org.springframework.test.context.support.AbstractContextLoader - Did not detect default resource location for test class [com.ecom.EcomSystemApplicationTests]: class path resource [com/ecom/EcomSystemApplicationTests-context.xml] does not exist
21:11:29.352 [main] DEBUG org.springframework.test.context.support.AbstractContextLoader - Did not detect default resource location for test class [com.ecom.EcomSystemApplicationTests]: class path resource [com/ecom/EcomSystemApplicationTestsContext.groovy] does not exist
21:11:29.352 [main] INFO org.springframework.test.context.support.AbstractContextLoader - Could not detect default resource locations for test class [com.ecom.EcomSystemApplicationTests]: no resource found for suffixes {-context.xml, Context.groovy}.
21:11:29.353 [main] INFO org.springframework.test.context.support.AnnotationConfigContextLoaderUtils - Could not detect default configuration classes for test class [com.ecom.EcomSystemApplicationTests]: EcomSystemApplicationTests does not declare any static, non-private, non-final, nested classes annotated with @Configuration.
21:11:29.418 [main] DEBUG org.springframework.test.context.support.ActiveProfilesUtils - Could not find an 'annotation declaring class' for annotation type [org.springframework.test.context.ActiveProfiles] and class [com.ecom.EcomSystemApplicationTests]
21:11:29.538 [main] DEBUG org.springframework.context.annotation.ClassPathScanningCandidateComponentProvider - Identified candidate component class: file [D:\java_learn\ecom_system\target\classes\com\ecom\EcomSystemApplication.class]
21:11:29.540 [main] INFO org.springframework.boot.test.context.SpringBootTestContextBootstrapper - Found @SpringBootConfiguration com.ecom.EcomSystemApplication for test class com.ecom.EcomSystemApplicationTests
21:11:29.724 [main] DEBUG org.springframework.boot.test.context.SpringBootTestContextBootstrapper - @TestExecutionListeners is not present for class [com.ecom.EcomSystemApplicationTests]: using defaults.
21:11:29.724 [main] INFO org.springframework.boot.test.context.SpringBootTestContextBootstrapper - Loaded default TestExecutionListener class names from location [META-INF/spring.factories]: [org.springframework.boot.test.mock.mockito.MockitoTestExecutionListener, org.springframework.boot.test.mock.mockito.ResetMocksTestExecutionListener, org.springframework.boot.test.autoconfigure.restdocs.RestDocsTestExecutionListener, org.springframework.boot.test.autoconfigure.web.client.MockRestServiceServerResetTestExecutionListener, org.springframework.boot.test.autoconfigure.web.servlet.MockMvcPrintOnlyOnFailureTestExecutionListener, org.springframework.boot.test.autoconfigure.web.servlet.WebDriverTestExecutionListener, org.springframework.boot.test.autoconfigure.webservices.client.MockWebServiceServerTestExecutionListener, org.springframework.test.context.web.ServletTestExecutionListener, org.springframework.test.context.support.DirtiesContextBeforeModesTestExecutionListener, org.springframework.test.context.event.ApplicationEventsTestExecutionListener, org.springframework.test.context.support.DependencyInjectionTestExecutionListener, org.springframework.test.context.support.DirtiesContextTestExecutionListener, org.springframework.test.context.transaction.TransactionalTestExecutionListener, org.springframework.test.context.jdbc.SqlScriptsTestExecutionListener, org.springframework.test.context.event.EventPublishingTestExecutionListener]
21:11:29.750 [main] INFO org.springframework.boot.test.context.SpringBootTestContextBootstrapper - Using TestExecutionListeners: [org.springframework.test.context.web.ServletTestExecutionListener@175957b6, org.springframework.test.context.support.DirtiesContextBeforeModesTestExecutionListener@1b7a4930, org.springframework.test.context.event.ApplicationEventsTestExecutionListener@591a4d25, org.springframework.boot.test.mock.mockito.MockitoTestExecutionListener@4bfe83d, org.springframework.boot.test.autoconfigure.SpringBootDependencyInjectionTestExecutionListener@5906ebfb, org.springframework.test.context.support.DirtiesContextTestExecutionListener@10fc1a22, org.springframework.test.context.transaction.TransactionalTestExecutionListener@1b841e7d, org.springframework.test.context.jdbc.SqlScriptsTestExecutionListener@6081f330, org.springframework.test.context.event.EventPublishingTestExecutionListener@eb695e8, org.springframework.boot.test.mock.mockito.ResetMocksTestExecutionListener@7eebb316, org.springframework.boot.test.autoconfigure.restdocs.RestDocsTestExecutionListener@45273d40, org.springframework.boot.test.autoconfigure.web.client.MockRestServiceServerResetTestExecutionListener@2a504ea7, org.springframework.boot.test.autoconfigure.web.servlet.MockMvcPrintOnlyOnFailureTestExecutionListener@10f397d0, org.springframework.boot.test.autoconfigure.web.servlet.WebDriverTestExecutionListener@33a3e5db, org.springframework.boot.test.autoconfigure.webservices.client.MockWebServiceServerTestExecutionListener@4f9213d2]
21:11:29.756 [main] DEBUG org.springframework.test.context.support.AbstractDirtiesContextTestExecutionListener - Before test class: context [DefaultTestContext@43df1377 testClass = EcomSystemApplicationTests, testInstance = [null], testMethod = [null], testException = [null], mergedContextConfiguration = [WebMergedContextConfiguration@1cee3e05 testClass = EcomSystemApplicationTests, locations = '{}', classes = '{class com.ecom.EcomSystemApplication}', contextInitializerClasses = '[]', activeProfiles = '{}', propertySourceLocations = '{}', propertySourceProperties = '{org.springframework.boot.test.context.SpringBootTestContextBootstrapper=true}', contextCustomizers = set[org.springframework.boot.test.context.filter.ExcludeFilterContextCustomizer@5c48b72c, org.springframework.boot.test.json.DuplicateJsonObjectContextCustomizerFactory$DuplicateJsonObjectContextCustomizer@552fee7a, org.springframework.boot.test.mock.mockito.MockitoContextCustomizer@0, org.springframework.boot.test.web.client.TestRestTemplateContextCustomizer@36f6e521, org.springframework.boot.test.autoconfigure.actuate.metrics.MetricsExportContextCustomizerFactory$DisableMetricExportContextCustomizer@517704, org.springframework.boot.test.autoconfigure.properties.PropertyMappingContextCustomizer@0, org.springframework.boot.test.autoconfigure.web.servlet.WebDriverContextCustomizerFactory$Customizer@74ba6ff5, org.springframework.boot.test.context.SpringBootTestArgs@1, org.springframework.boot.test.context.SpringBootTestWebEnvironment@705202d1], resourceBasePath = 'src/main/webapp', contextLoader = 'org.springframework.boot.test.context.SpringBootContextLoader', parent = [null]], attributes = map['org.springframework.test.context.web.ServletTestExecutionListener.activateListener' -> true]], class annotated with @DirtiesContext [false] with mode [null].

  .   ____          _            __ _ _
 /\\ / ___'_ __ _ _(_)_ __  __ _ \ \ \ \
( ( )\___ | '_ | '_| | '_ \/ _` | \ \ \ \
 \\/  ___)| |_)| | | | | || (_| |  ) ) ) )
  '  |____| .__|_| |_|_| |_\__, | / / / /
 =========|_|==============|___/=/_/_/_/
 :: Spring Boot ::                (v2.7.6)

2023-06-05 21:11:30.255  INFO 62592 --- [           main] com.ecom.EcomSystemApplicationTests      : Starting EcomSystemApplicationTests using Java 11.0.5 on LAPTOP-C37EHVJM with PID 62592 (started by lenovo in D:\java_learn\ecom_system)
2023-06-05 21:11:30.256  INFO 62592 --- [           main] com.ecom.EcomSystemApplicationTests      : No active profile set, falling back to 1 default profile: "default"
Logging initialized using 'class org.apache.ibatis.logging.stdout.StdOutImpl' adapter.
Property 'mapperLocations' was not specified.


,------.                           ,--.  ,--.         ,--.                         
|  .--. '  ,--,--.  ,---.   ,---.  |  '--'  |  ,---.  |  |  ,---.   ,---.  ,--.--. 
|  '--' | ' ,-.  | | .-. | | .-. : |  .--.  | | .-. : |  | | .-. | | .-. : |  .--' 
|  | --'  \ '-'  | ' '-' ' \   --. |  |  |  | \   --. |  | | '-' ' \   --. |  |    
`--'       `--`--' .`-  /   `----' `--'  `--'  `----' `--' |  |-'   `----' `--'    
                   `---'                                   `--'                        is intercepting.

2023-06-05 21:11:32.929  INFO 62592 --- [           main] com.ecom.EcomSystemApplicationTests      : Started EcomSystemApplicationTests in 3.117 seconds (JVM running for 4.863)
eyJhbGciOiJIUzI1NiJ9.eyJ1aWQiOjEsImV4cCI6MTY4NTk3NDI5MywidXNlcm5hbWUiOiJhZG1pbiJ9.d8Xq_C_6TLqleTpUtkajSsZJUykqjoKzPD5VJTRH9vI
]]></system-out>
  </testcase>
</testsuite>